[  7%] Built target moveit_ros_planning_gencfg
[  9%] [32m[1mLinking CXX shared library /home/ruinianxu/ws_moveit/devel/.private/moveit_ros_planning/lib/libmoveit_rdf_loader.so[0m
[ 11%] [32m[1mLinking CXX shared library /home/ruinianxu/ws_moveit/devel/.private/moveit_ros_planning/lib/libmoveit_collision_plugin_loader.so[0m
[ 12%] [32m[1mLinking CXX shared library /home/ruinianxu/ws_moveit/devel/.private/moveit_ros_planning/lib/libmoveit_constraint_sampler_manager_loader.so[0m
[ 14%] Built target moveit_constraint_sampler_manager_loader
[ 16%] Built target moveit_collision_plugin_loader
[ 18%] Built target moveit_rdf_loader
[ 20%] [32m[1mLinking CXX shared library /home/ruinianxu/ws_moveit/devel/.private/moveit_ros_planning/lib/libmoveit_planning_pipeline.so[0m
[ 22%] [32m[1mLinking CXX executable /home/ruinianxu/ws_moveit/devel/.private/moveit_ros_planning/lib/moveit_ros_planning/moveit_list_request_adapter_plugins[0m
[ 24%] [32m[1mLinking CXX shared library /home/ruinianxu/ws_moveit/devel/.private/moveit_ros_planning/lib/libmoveit_default_planning_request_adapter_plugins.so[0m
[ 25%] Built target moveit_list_request_adapter_plugins
[ 27%] Built target moveit_planning_pipeline
[ 38%] Built target moveit_default_planning_request_adapter_plugins
[ 40%] [32m[1mLinking CXX shared library /home/ruinianxu/ws_moveit/devel/.private/moveit_ros_planning/lib/libmoveit_kinematics_plugin_loader.so[0m
[ 42%] Built target moveit_kinematics_plugin_loader
[ 44%] [32m[1mLinking CXX shared library /home/ruinianxu/ws_moveit/devel/.private/moveit_ros_planning/lib/libmoveit_robot_model_loader.so[0m
[ 46%] Built target moveit_robot_model_loader
[ 48%] [32m[1mLinking CXX executable /home/ruinianxu/ws_moveit/devel/.private/moveit_ros_planning/lib/moveit_ros_planning/moveit_print_planning_model_info[0m
[ 50%] [32m[1mLinking CXX executable /home/ruinianxu/ws_moveit/devel/.private/moveit_ros_planning/lib/moveit_ros_planning/moveit_kinematics_speed_and_validity_evaluator[0m
[ 51%] [32m[1mLinking CXX shared library /home/ruinianxu/ws_moveit/devel/.private/moveit_ros_planning/lib/libmoveit_planning_scene_monitor.so[0m
[ 53%] Built target moveit_print_planning_model_info
[ 55%] [32m[1mLinking CXX executable /home/ruinianxu/ws_moveit/devel/.private/moveit_ros_planning/lib/moveit_ros_planning/moveit_evaluate_state_operations_speed[0m
[ 57%] Built target moveit_kinematics_speed_and_validity_evaluator
[ 62%] Built target moveit_planning_scene_monitor
[ 64%] [32m[1mLinking CXX executable /home/ruinianxu/ws_moveit/devel/.private/moveit_ros_planning/lib/moveit_ros_planning/demo_scene[0m
[ 66%] [32m[1mLinking CXX executable /home/ruinianxu/ws_moveit/devel/.private/moveit_ros_planning/lib/moveit_ros_planning/moveit_visualize_robot_collision_volume[0m
[ 68%] Built target demo_scene
[ 70%] [32m[1mLinking CXX executable /home/ruinianxu/ws_moveit/devel/.private/moveit_ros_planning/lib/moveit_ros_planning/moveit_display_random_state[0m
[ 72%] Built target moveit_evaluate_state_operations_speed
[ 74%] [32m[1mLinking CXX executable /home/ruinianxu/ws_moveit/devel/.private/moveit_ros_planning/lib/moveit_ros_planning/moveit_publish_scene_from_text[0m
[ 75%] Built target moveit_visualize_robot_collision_volume
[ 77%] [32m[1mLinking CXX executable /home/ruinianxu/ws_moveit/devel/.private/moveit_ros_planning/lib/moveit_ros_planning/moveit_evaluate_collision_checking_speed[0m
[ 79%] Built target moveit_display_random_state
[ 81%] [32m[1mLinking CXX shared library /home/ruinianxu/ws_moveit/devel/.private/moveit_ros_planning/lib/libmoveit_trajectory_execution_manager.so[0m
[ 83%] Built target moveit_publish_scene_from_text
[ 85%] Built target moveit_evaluate_collision_checking_speed
[ 87%] Built target moveit_trajectory_execution_manager
[ 88%] [32m[1mLinking CXX shared library /home/ruinianxu/ws_moveit/devel/.private/moveit_ros_planning/lib/libtest_controller_manager_plugin.so[0m
[ 90%] [32m[1mLinking CXX executable /home/ruinianxu/ws_moveit/devel/.private/moveit_ros_planning/lib/moveit_ros_planning/test_controller_manager[0m
[ 92%] [32m[1mLinking CXX shared library /home/ruinianxu/ws_moveit/devel/.private/moveit_ros_planning/lib/libmoveit_plan_execution.so[0m
[ 94%] Built target test_controller_manager_plugin
[ 98%] Built target moveit_plan_execution
[100%] Built target test_controller_manager
