Symlinking /home/ruinianxu/ws_moveit/devel/share/pr2_mechanism_msgs/cmake/pr2_mechanism_msgs-msg-extras.cmake
Symlinking /home/ruinianxu/ws_moveit/devel/share/pr2_mechanism_msgs/cmake/pr2_mechanism_msgsConfig.cmake
Symlinking /home/ruinianxu/ws_moveit/devel/share/pr2_mechanism_msgs/cmake/pr2_mechanism_msgs-msg-paths.cmake
Symlinking /home/ruinianxu/ws_moveit/devel/share/pr2_mechanism_msgs/cmake/pr2_mechanism_msgsConfig-version.cmake
Symlinking /home/ruinianxu/ws_moveit/devel/share/pr2_mechanism_msgs/msg/SwitchControllerAction.msg
Symlinking /home/ruinianxu/ws_moveit/devel/share/pr2_mechanism_msgs/msg/SwitchControllerGoal.msg
Symlinking /home/ruinianxu/ws_moveit/devel/share/pr2_mechanism_msgs/msg/SwitchControllerActionFeedback.msg
Symlinking /home/ruinianxu/ws_moveit/devel/share/pr2_mechanism_msgs/msg/SwitchControllerFeedback.msg
Symlinking /home/ruinianxu/ws_moveit/devel/share/pr2_mechanism_msgs/msg/SwitchControllerActionGoal.msg
Symlinking /home/ruinianxu/ws_moveit/devel/share/pr2_mechanism_msgs/msg/SwitchControllerActionResult.msg
Symlinking /home/ruinianxu/ws_moveit/devel/share/pr2_mechanism_msgs/msg/SwitchControllerResult.msg
Symlinking /home/ruinianxu/ws_moveit/devel/share/gennodejs/ros/pr2_mechanism_msgs/_index.js
Symlinking /home/ruinianxu/ws_moveit/devel/share/gennodejs/ros/pr2_mechanism_msgs/srv/ReloadControllerLibraries.js
Symlinking /home/ruinianxu/ws_moveit/devel/share/gennodejs/ros/pr2_mechanism_msgs/srv/LoadController.js
Symlinking /home/ruinianxu/ws_moveit/devel/share/gennodejs/ros/pr2_mechanism_msgs/srv/SwitchController.js
Symlinking /home/ruinianxu/ws_moveit/devel/share/gennodejs/ros/pr2_mechanism_msgs/srv/UnloadController.js
Symlinking /home/ruinianxu/ws_moveit/devel/share/gennodejs/ros/pr2_mechanism_msgs/srv/ListControllerTypes.js
Symlinking /home/ruinianxu/ws_moveit/devel/share/gennodejs/ros/pr2_mechanism_msgs/srv/_index.js
Symlinking /home/ruinianxu/ws_moveit/devel/share/gennodejs/ros/pr2_mechanism_msgs/srv/ListControllers.js
Symlinking /home/ruinianxu/ws_moveit/devel/share/gennodejs/ros/pr2_mechanism_msgs/msg/SwitchControllerResult.js
Symlinking /home/ruinianxu/ws_moveit/devel/share/gennodejs/ros/pr2_mechanism_msgs/msg/SwitchControllerAction.js
Symlinking /home/ruinianxu/ws_moveit/devel/share/gennodejs/ros/pr2_mechanism_msgs/msg/MechanismStatistics.js
Symlinking /home/ruinianxu/ws_moveit/devel/share/gennodejs/ros/pr2_mechanism_msgs/msg/ControllerStatistics.js
Symlinking /home/ruinianxu/ws_moveit/devel/share/gennodejs/ros/pr2_mechanism_msgs/msg/SwitchControllerFeedback.js
Symlinking /home/ruinianxu/ws_moveit/devel/share/gennodejs/ros/pr2_mechanism_msgs/msg/SwitchControllerActionGoal.js
Symlinking /home/ruinianxu/ws_moveit/devel/share/gennodejs/ros/pr2_mechanism_msgs/msg/JointStatistics.js
Symlinking /home/ruinianxu/ws_moveit/devel/share/gennodejs/ros/pr2_mechanism_msgs/msg/SwitchControllerActionFeedback.js
Symlinking /home/ruinianxu/ws_moveit/devel/share/gennodejs/ros/pr2_mechanism_msgs/msg/_index.js
Symlinking /home/ruinianxu/ws_moveit/devel/share/gennodejs/ros/pr2_mechanism_msgs/msg/SwitchControllerGoal.js
Symlinking /home/ruinianxu/ws_moveit/devel/share/gennodejs/ros/pr2_mechanism_msgs/msg/ActuatorStatistics.js
Symlinking /home/ruinianxu/ws_moveit/devel/share/gennodejs/ros/pr2_mechanism_msgs/msg/SwitchControllerActionResult.js
Symlinking /home/ruinianxu/ws_moveit/devel/share/common-lisp/ros/pr2_mechanism_msgs/srv/_package_UnloadController.lisp
Symlinking /home/ruinianxu/ws_moveit/devel/share/common-lisp/ros/pr2_mechanism_msgs/srv/_package_ListControllers.lisp
Symlinking /home/ruinianxu/ws_moveit/devel/share/common-lisp/ros/pr2_mechanism_msgs/srv/_package_ListControllerTypes.lisp
Symlinking /home/ruinianxu/ws_moveit/devel/share/common-lisp/ros/pr2_mechanism_msgs/srv/LoadController.lisp
Symlinking /home/ruinianxu/ws_moveit/devel/share/common-lisp/ros/pr2_mechanism_msgs/srv/_package.lisp
Symlinking /home/ruinianxu/ws_moveit/devel/share/common-lisp/ros/pr2_mechanism_msgs/srv/ListControllers.lisp
Symlinking /home/ruinianxu/ws_moveit/devel/share/common-lisp/ros/pr2_mechanism_msgs/srv/ListControllerTypes.lisp
Symlinking /home/ruinianxu/ws_moveit/devel/share/common-lisp/ros/pr2_mechanism_msgs/srv/pr2_mechanism_msgs-srv.asd
Symlinking /home/ruinianxu/ws_moveit/devel/share/common-lisp/ros/pr2_mechanism_msgs/srv/UnloadController.lisp
Symlinking /home/ruinianxu/ws_moveit/devel/share/common-lisp/ros/pr2_mechanism_msgs/srv/_package_SwitchController.lisp
Symlinking /home/ruinianxu/ws_moveit/devel/share/common-lisp/ros/pr2_mechanism_msgs/srv/_package_LoadController.lisp
Symlinking /home/ruinianxu/ws_moveit/devel/share/common-lisp/ros/pr2_mechanism_msgs/srv/_package_ReloadControllerLibraries.lisp
Symlinking /home/ruinianxu/ws_moveit/devel/share/common-lisp/ros/pr2_mechanism_msgs/srv/ReloadControllerLibraries.lisp
Symlinking /home/ruinianxu/ws_moveit/devel/share/common-lisp/ros/pr2_mechanism_msgs/srv/SwitchController.lisp
Symlinking /home/ruinianxu/ws_moveit/devel/share/common-lisp/ros/pr2_mechanism_msgs/msg/_package_SwitchControllerResult.lisp
Symlinking /home/ruinianxu/ws_moveit/devel/share/common-lisp/ros/pr2_mechanism_msgs/msg/SwitchControllerFeedback.lisp
Symlinking /home/ruinianxu/ws_moveit/devel/share/common-lisp/ros/pr2_mechanism_msgs/msg/_package_ActuatorStatistics.lisp
Symlinking /home/ruinianxu/ws_moveit/devel/share/common-lisp/ros/pr2_mechanism_msgs/msg/SwitchControllerResult.lisp
Symlinking /home/ruinianxu/ws_moveit/devel/share/common-lisp/ros/pr2_mechanism_msgs/msg/_package.lisp
Symlinking /home/ruinianxu/ws_moveit/devel/share/common-lisp/ros/pr2_mechanism_msgs/msg/MechanismStatistics.lisp
Symlinking /home/ruinianxu/ws_moveit/devel/share/common-lisp/ros/pr2_mechanism_msgs/msg/ActuatorStatistics.lisp
Symlinking /home/ruinianxu/ws_moveit/devel/share/common-lisp/ros/pr2_mechanism_msgs/msg/_package_SwitchControllerFeedback.lisp
Symlinking /home/ruinianxu/ws_moveit/devel/share/common-lisp/ros/pr2_mechanism_msgs/msg/_package_SwitchControllerActionFeedback.lisp
Symlinking /home/ruinianxu/ws_moveit/devel/share/common-lisp/ros/pr2_mechanism_msgs/msg/SwitchControllerActionResult.lisp
Symlinking /home/ruinianxu/ws_moveit/devel/share/common-lisp/ros/pr2_mechanism_msgs/msg/SwitchControllerAction.lisp
Symlinking /home/ruinianxu/ws_moveit/devel/share/common-lisp/ros/pr2_mechanism_msgs/msg/pr2_mechanism_msgs-msg.asd
Symlinking /home/ruinianxu/ws_moveit/devel/share/common-lisp/ros/pr2_mechanism_msgs/msg/SwitchControllerActionFeedback.lisp
Symlinking /home/ruinianxu/ws_moveit/devel/share/common-lisp/ros/pr2_mechanism_msgs/msg/SwitchControllerActionGoal.lisp
Symlinking /home/ruinianxu/ws_moveit/devel/share/common-lisp/ros/pr2_mechanism_msgs/msg/_package_SwitchControllerActionResult.lisp
Symlinking /home/ruinianxu/ws_moveit/devel/share/common-lisp/ros/pr2_mechanism_msgs/msg/_package_SwitchControllerGoal.lisp
Symlinking /home/ruinianxu/ws_moveit/devel/share/common-lisp/ros/pr2_mechanism_msgs/msg/SwitchControllerGoal.lisp
Symlinking /home/ruinianxu/ws_moveit/devel/share/common-lisp/ros/pr2_mechanism_msgs/msg/_package_SwitchControllerActionGoal.lisp
Symlinking /home/ruinianxu/ws_moveit/devel/share/common-lisp/ros/pr2_mechanism_msgs/msg/_package_ControllerStatistics.lisp
Symlinking /home/ruinianxu/ws_moveit/devel/share/common-lisp/ros/pr2_mechanism_msgs/msg/_package_MechanismStatistics.lisp
Symlinking /home/ruinianxu/ws_moveit/devel/share/common-lisp/ros/pr2_mechanism_msgs/msg/_package_JointStatistics.lisp
Symlinking /home/ruinianxu/ws_moveit/devel/share/common-lisp/ros/pr2_mechanism_msgs/msg/_package_SwitchControllerAction.lisp
Symlinking /home/ruinianxu/ws_moveit/devel/share/common-lisp/ros/pr2_mechanism_msgs/msg/JointStatistics.lisp
Symlinking /home/ruinianxu/ws_moveit/devel/share/common-lisp/ros/pr2_mechanism_msgs/msg/ControllerStatistics.lisp
Symlinking /home/ruinianxu/ws_moveit/devel/share/roseus/ros/pr2_mechanism_msgs/manifest.l
Symlinking /home/ruinianxu/ws_moveit/devel/share/roseus/ros/pr2_mechanism_msgs/srv/ListControllers.l
Symlinking /home/ruinianxu/ws_moveit/devel/share/roseus/ros/pr2_mechanism_msgs/srv/LoadController.l
Symlinking /home/ruinianxu/ws_moveit/devel/share/roseus/ros/pr2_mechanism_msgs/srv/UnloadController.l
Symlinking /home/ruinianxu/ws_moveit/devel/share/roseus/ros/pr2_mechanism_msgs/srv/ReloadControllerLibraries.l
Symlinking /home/ruinianxu/ws_moveit/devel/share/roseus/ros/pr2_mechanism_msgs/srv/ListControllerTypes.l
Symlinking /home/ruinianxu/ws_moveit/devel/share/roseus/ros/pr2_mechanism_msgs/srv/SwitchController.l
Symlinking /home/ruinianxu/ws_moveit/devel/share/roseus/ros/pr2_mechanism_msgs/msg/SwitchControllerAction.l
Symlinking /home/ruinianxu/ws_moveit/devel/share/roseus/ros/pr2_mechanism_msgs/msg/ActuatorStatistics.l
Symlinking /home/ruinianxu/ws_moveit/devel/share/roseus/ros/pr2_mechanism_msgs/msg/ControllerStatistics.l
Symlinking /home/ruinianxu/ws_moveit/devel/share/roseus/ros/pr2_mechanism_msgs/msg/MechanismStatistics.l
Symlinking /home/ruinianxu/ws_moveit/devel/share/roseus/ros/pr2_mechanism_msgs/msg/SwitchControllerGoal.l
Symlinking /home/ruinianxu/ws_moveit/devel/share/roseus/ros/pr2_mechanism_msgs/msg/SwitchControllerResult.l
Symlinking /home/ruinianxu/ws_moveit/devel/share/roseus/ros/pr2_mechanism_msgs/msg/SwitchControllerFeedback.l
Symlinking /home/ruinianxu/ws_moveit/devel/share/roseus/ros/pr2_mechanism_msgs/msg/SwitchControllerActionResult.l
Symlinking /home/ruinianxu/ws_moveit/devel/share/roseus/ros/pr2_mechanism_msgs/msg/JointStatistics.l
Symlinking /home/ruinianxu/ws_moveit/devel/share/roseus/ros/pr2_mechanism_msgs/msg/SwitchControllerActionFeedback.l
Symlinking /home/ruinianxu/ws_moveit/devel/share/roseus/ros/pr2_mechanism_msgs/msg/SwitchControllerActionGoal.l
Symlinking /home/ruinianxu/ws_moveit/devel/include/pr2_mechanism_msgs/UnloadControllerRequest.h
Symlinking /home/ruinianxu/ws_moveit/devel/include/pr2_mechanism_msgs/LoadControllerRequest.h
Symlinking /home/ruinianxu/ws_moveit/devel/include/pr2_mechanism_msgs/SwitchControllerAction.h
Symlinking /home/ruinianxu/ws_moveit/devel/include/pr2_mechanism_msgs/SwitchControllerResponse.h
Symlinking /home/ruinianxu/ws_moveit/devel/include/pr2_mechanism_msgs/ListControllersRequest.h
Symlinking /home/ruinianxu/ws_moveit/devel/include/pr2_mechanism_msgs/MechanismStatistics.h
Symlinking /home/ruinianxu/ws_moveit/devel/include/pr2_mechanism_msgs/SwitchControllerActionResult.h
Symlinking /home/ruinianxu/ws_moveit/devel/include/pr2_mechanism_msgs/SwitchControllerResult.h
Symlinking /home/ruinianxu/ws_moveit/devel/include/pr2_mechanism_msgs/ListControllersResponse.h
Symlinking /home/ruinianxu/ws_moveit/devel/include/pr2_mechanism_msgs/SwitchControllerActionFeedback.h
Symlinking /home/ruinianxu/ws_moveit/devel/include/pr2_mechanism_msgs/SwitchControllerFeedback.h
Symlinking /home/ruinianxu/ws_moveit/devel/include/pr2_mechanism_msgs/UnloadController.h
Symlinking /home/ruinianxu/ws_moveit/devel/include/pr2_mechanism_msgs/ListControllerTypesResponse.h
Symlinking /home/ruinianxu/ws_moveit/devel/include/pr2_mechanism_msgs/ReloadControllerLibrariesResponse.h
Symlinking /home/ruinianxu/ws_moveit/devel/include/pr2_mechanism_msgs/ListControllerTypes.h
Symlinking /home/ruinianxu/ws_moveit/devel/include/pr2_mechanism_msgs/UnloadControllerResponse.h
Symlinking /home/ruinianxu/ws_moveit/devel/include/pr2_mechanism_msgs/ListControllers.h
Symlinking /home/ruinianxu/ws_moveit/devel/include/pr2_mechanism_msgs/ActuatorStatistics.h
Symlinking /home/ruinianxu/ws_moveit/devel/include/pr2_mechanism_msgs/LoadControllerResponse.h
Symlinking /home/ruinianxu/ws_moveit/devel/include/pr2_mechanism_msgs/SwitchControllerActionGoal.h
Symlinking /home/ruinianxu/ws_moveit/devel/include/pr2_mechanism_msgs/SwitchControllerRequest.h
Symlinking /home/ruinianxu/ws_moveit/devel/include/pr2_mechanism_msgs/JointStatistics.h
Symlinking /home/ruinianxu/ws_moveit/devel/include/pr2_mechanism_msgs/ListControllerTypesRequest.h
Symlinking /home/ruinianxu/ws_moveit/devel/include/pr2_mechanism_msgs/ReloadControllerLibrariesRequest.h
Symlinking /home/ruinianxu/ws_moveit/devel/include/pr2_mechanism_msgs/LoadController.h
Symlinking /home/ruinianxu/ws_moveit/devel/include/pr2_mechanism_msgs/SwitchControllerGoal.h
Symlinking /home/ruinianxu/ws_moveit/devel/include/pr2_mechanism_msgs/SwitchController.h
Symlinking /home/ruinianxu/ws_moveit/devel/include/pr2_mechanism_msgs/ReloadControllerLibraries.h
Symlinking /home/ruinianxu/ws_moveit/devel/include/pr2_mechanism_msgs/ControllerStatistics.h
Symlinking /home/ruinianxu/ws_moveit/devel/lib/python2.7/dist-packages/pr2_mechanism_msgs/__init__.py
Symlinking /home/ruinianxu/ws_moveit/devel/lib/python2.7/dist-packages/pr2_mechanism_msgs/srv/_SwitchController.py
Symlinking /home/ruinianxu/ws_moveit/devel/lib/python2.7/dist-packages/pr2_mechanism_msgs/srv/_ListControllerTypes.py
Symlinking /home/ruinianxu/ws_moveit/devel/lib/python2.7/dist-packages/pr2_mechanism_msgs/srv/_LoadController.py
Symlinking /home/ruinianxu/ws_moveit/devel/lib/python2.7/dist-packages/pr2_mechanism_msgs/srv/__init__.py
Symlinking /home/ruinianxu/ws_moveit/devel/lib/python2.7/dist-packages/pr2_mechanism_msgs/srv/_ListControllers.py
Symlinking /home/ruinianxu/ws_moveit/devel/lib/python2.7/dist-packages/pr2_mechanism_msgs/srv/_UnloadController.py
Symlinking /home/ruinianxu/ws_moveit/devel/lib/python2.7/dist-packages/pr2_mechanism_msgs/srv/_ReloadControllerLibraries.py
Symlinking /home/ruinianxu/ws_moveit/devel/lib/python2.7/dist-packages/pr2_mechanism_msgs/msg/_SwitchControllerActionResult.py
Symlinking /home/ruinianxu/ws_moveit/devel/lib/python2.7/dist-packages/pr2_mechanism_msgs/msg/_SwitchControllerActionFeedback.py
Symlinking /home/ruinianxu/ws_moveit/devel/lib/python2.7/dist-packages/pr2_mechanism_msgs/msg/_MechanismStatistics.py
Symlinking /home/ruinianxu/ws_moveit/devel/lib/python2.7/dist-packages/pr2_mechanism_msgs/msg/_ActuatorStatistics.py
Symlinking /home/ruinianxu/ws_moveit/devel/lib/python2.7/dist-packages/pr2_mechanism_msgs/msg/_SwitchControllerGoal.py
Symlinking /home/ruinianxu/ws_moveit/devel/lib/python2.7/dist-packages/pr2_mechanism_msgs/msg/_JointStatistics.py
Symlinking /home/ruinianxu/ws_moveit/devel/lib/python2.7/dist-packages/pr2_mechanism_msgs/msg/_SwitchControllerAction.py
Symlinking /home/ruinianxu/ws_moveit/devel/lib/python2.7/dist-packages/pr2_mechanism_msgs/msg/__init__.py
Symlinking /home/ruinianxu/ws_moveit/devel/lib/python2.7/dist-packages/pr2_mechanism_msgs/msg/_ControllerStatistics.py
Symlinking /home/ruinianxu/ws_moveit/devel/lib/python2.7/dist-packages/pr2_mechanism_msgs/msg/_SwitchControllerFeedback.py
Symlinking /home/ruinianxu/ws_moveit/devel/lib/python2.7/dist-packages/pr2_mechanism_msgs/msg/_SwitchControllerActionGoal.py
Symlinking /home/ruinianxu/ws_moveit/devel/lib/python2.7/dist-packages/pr2_mechanism_msgs/msg/_SwitchControllerResult.py
Symlinking /home/ruinianxu/ws_moveit/devel/lib/pkgconfig/pr2_mechanism_msgs.pc
