Determining if the pthread_create exist failed with the following output:
Change Dir: /home/ruinianxu/ws_moveit/build/moveit_controller_manager_example/CMakeFiles/CMakeTmp

Run Build Command:"/usr/bin/make" "cmTC_3f8dd/fast"
/usr/bin/make -f CMakeFiles/cmTC_3f8dd.dir/build.make CMakeFiles/cmTC_3f8dd.dir/build
make[1]: Entering directory '/home/ruinianxu/ws_moveit/build/moveit_controller_manager_example/CMakeFiles/CMakeTmp'
Building C object CMakeFiles/cmTC_3f8dd.dir/CheckSymbolExists.c.o
/usr/bin/cc     -o CMakeFiles/cmTC_3f8dd.dir/CheckSymbolExists.c.o   -c /home/ruinianxu/ws_moveit/build/moveit_controller_manager_example/CMakeFiles/CMakeTmp/CheckSymbolExists.c
Linking C executable cmTC_3f8dd
/usr/bin/cmake -E cmake_link_script CMakeFiles/cmTC_3f8dd.dir/link.txt --verbose=1
/usr/bin/cc       CMakeFiles/cmTC_3f8dd.dir/CheckSymbolExists.c.o  -o cmTC_3f8dd -rdynamic 
CMakeFiles/cmTC_3f8dd.dir/CheckSymbolExists.c.o: In function `main':
CheckSymbolExists.c:(.text+0x16): undefined reference to `pthread_create'
collect2: error: ld returned 1 exit status
CMakeFiles/cmTC_3f8dd.dir/build.make:97: recipe for target 'cmTC_3f8dd' failed
make[1]: *** [cmTC_3f8dd] Error 1
make[1]: Leaving directory '/home/ruinianxu/ws_moveit/build/moveit_controller_manager_example/CMakeFiles/CMakeTmp'
Makefile:126: recipe for target 'cmTC_3f8dd/fast' failed
make: *** [cmTC_3f8dd/fast] Error 2

File /home/ruinianxu/ws_moveit/build/moveit_controller_manager_example/CMakeFiles/CMakeTmp/CheckSymbolExists.c:
/* */
#include <pthread.h>

int main(int argc, char** argv)
{
  (void)argv;
#ifndef pthread_create
  return ((int*)(&pthread_create))[argc];
#else
  (void)argc;
  return 0;
#endif
}

Determining if the function pthread_create exists in the pthreads failed with the following output:
Change Dir: /home/ruinianxu/ws_moveit/build/moveit_controller_manager_example/CMakeFiles/CMakeTmp

Run Build Command:"/usr/bin/make" "cmTC_5aa4c/fast"
/usr/bin/make -f CMakeFiles/cmTC_5aa4c.dir/build.make CMakeFiles/cmTC_5aa4c.dir/build
make[1]: Entering directory '/home/ruinianxu/ws_moveit/build/moveit_controller_manager_example/CMakeFiles/CMakeTmp'
Building C object CMakeFiles/cmTC_5aa4c.dir/CheckFunctionExists.c.o
/usr/bin/cc    -DCHECK_FUNCTION_EXISTS=pthread_create   -o CMakeFiles/cmTC_5aa4c.dir/CheckFunctionExists.c.o   -c /usr/share/cmake-3.5/Modules/CheckFunctionExists.c
Linking C executable cmTC_5aa4c
/usr/bin/cmake -E cmake_link_script CMakeFiles/cmTC_5aa4c.dir/link.txt --verbose=1
/usr/bin/cc   -DCHECK_FUNCTION_EXISTS=pthread_create    CMakeFiles/cmTC_5aa4c.dir/CheckFunctionExists.c.o  -o cmTC_5aa4c -rdynamic -lpthreads 
/usr/bin/ld: cannot find -lpthreads
collect2: error: ld returned 1 exit status
CMakeFiles/cmTC_5aa4c.dir/build.make:97: recipe for target 'cmTC_5aa4c' failed
make[1]: *** [cmTC_5aa4c] Error 1
make[1]: Leaving directory '/home/ruinianxu/ws_moveit/build/moveit_controller_manager_example/CMakeFiles/CMakeTmp'
Makefile:126: recipe for target 'cmTC_5aa4c/fast' failed
make: *** [cmTC_5aa4c/fast] Error 2


