Linked: (/home/ruinianxu/ws_moveit/devel/.private/moveit_ros_perception/share/moveit_ros_perception/cmake/moveit_ros_perceptionConfig.cmake, /home/ruinianxu/ws_moveit/devel/share/moveit_ros_perception/cmake/moveit_ros_perceptionConfig.cmake)
Linked: (/home/ruinianxu/ws_moveit/devel/.private/moveit_ros_perception/share/moveit_ros_perception/cmake/moveit_ros_perceptionConfig-version.cmake, /home/ruinianxu/ws_moveit/devel/share/moveit_ros_perception/cmake/moveit_ros_perceptionConfig-version.cmake)
Linked: (/home/ruinianxu/ws_moveit/devel/.private/moveit_ros_perception/lib/libmoveit_mesh_filter.so, /home/ruinianxu/ws_moveit/devel/lib/libmoveit_mesh_filter.so)
Linked: (/home/ruinianxu/ws_moveit/devel/.private/moveit_ros_perception/lib/libmoveit_point_containment_filter.so, /home/ruinianxu/ws_moveit/devel/lib/libmoveit_point_containment_filter.so)
Linked: (/home/ruinianxu/ws_moveit/devel/.private/moveit_ros_perception/lib/libmoveit_mesh_filter.so.0.9.7, /home/ruinianxu/ws_moveit/devel/lib/libmoveit_mesh_filter.so.0.9.7)
Linked: (/home/ruinianxu/ws_moveit/devel/.private/moveit_ros_perception/lib/libmoveit_occupancy_map_monitor.so.0.9.7, /home/ruinianxu/ws_moveit/devel/lib/libmoveit_occupancy_map_monitor.so.0.9.7)
Linked: (/home/ruinianxu/ws_moveit/devel/.private/moveit_ros_perception/lib/libmoveit_lazy_free_space_updater.so.0.9.7, /home/ruinianxu/ws_moveit/devel/lib/libmoveit_lazy_free_space_updater.so.0.9.7)
Linked: (/home/ruinianxu/ws_moveit/devel/.private/moveit_ros_perception/lib/libmoveit_depth_image_octomap_updater.so, /home/ruinianxu/ws_moveit/devel/lib/libmoveit_depth_image_octomap_updater.so)
Linked: (/home/ruinianxu/ws_moveit/devel/.private/moveit_ros_perception/lib/libmoveit_depth_image_octomap_updater_core.so.0.9.7, /home/ruinianxu/ws_moveit/devel/lib/libmoveit_depth_image_octomap_updater_core.so.0.9.7)
Linked: (/home/ruinianxu/ws_moveit/devel/.private/moveit_ros_perception/lib/libmoveit_semantic_world.so, /home/ruinianxu/ws_moveit/devel/lib/libmoveit_semantic_world.so)
Linked: (/home/ruinianxu/ws_moveit/devel/.private/moveit_ros_perception/lib/libmoveit_semantic_world.so.0.9.7, /home/ruinianxu/ws_moveit/devel/lib/libmoveit_semantic_world.so.0.9.7)
Linked: (/home/ruinianxu/ws_moveit/devel/.private/moveit_ros_perception/lib/libmoveit_occupancy_map_monitor.so, /home/ruinianxu/ws_moveit/devel/lib/libmoveit_occupancy_map_monitor.so)
Linked: (/home/ruinianxu/ws_moveit/devel/.private/moveit_ros_perception/lib/libmoveit_point_containment_filter.so.0.9.7, /home/ruinianxu/ws_moveit/devel/lib/libmoveit_point_containment_filter.so.0.9.7)
Linked: (/home/ruinianxu/ws_moveit/devel/.private/moveit_ros_perception/lib/libmoveit_depth_image_octomap_updater_core.so, /home/ruinianxu/ws_moveit/devel/lib/libmoveit_depth_image_octomap_updater_core.so)
Linked: (/home/ruinianxu/ws_moveit/devel/.private/moveit_ros_perception/lib/libmoveit_pointcloud_octomap_updater.so.0.9.7, /home/ruinianxu/ws_moveit/devel/lib/libmoveit_pointcloud_octomap_updater.so.0.9.7)
Linked: (/home/ruinianxu/ws_moveit/devel/.private/moveit_ros_perception/lib/libmoveit_pointcloud_octomap_updater_core.so, /home/ruinianxu/ws_moveit/devel/lib/libmoveit_pointcloud_octomap_updater_core.so)
Linked: (/home/ruinianxu/ws_moveit/devel/.private/moveit_ros_perception/lib/libmoveit_depth_image_octomap_updater.so.0.9.7, /home/ruinianxu/ws_moveit/devel/lib/libmoveit_depth_image_octomap_updater.so.0.9.7)
Linked: (/home/ruinianxu/ws_moveit/devel/.private/moveit_ros_perception/lib/libmoveit_pointcloud_octomap_updater.so, /home/ruinianxu/ws_moveit/devel/lib/libmoveit_pointcloud_octomap_updater.so)
Linked: (/home/ruinianxu/ws_moveit/devel/.private/moveit_ros_perception/lib/libmoveit_pointcloud_octomap_updater_core.so.0.9.7, /home/ruinianxu/ws_moveit/devel/lib/libmoveit_pointcloud_octomap_updater_core.so.0.9.7)
Linked: (/home/ruinianxu/ws_moveit/devel/.private/moveit_ros_perception/lib/libmoveit_lazy_free_space_updater.so, /home/ruinianxu/ws_moveit/devel/lib/libmoveit_lazy_free_space_updater.so)
Linked: (/home/ruinianxu/ws_moveit/devel/.private/moveit_ros_perception/lib/moveit_ros_perception/moveit_occupancy_map_server, /home/ruinianxu/ws_moveit/devel/lib/moveit_ros_perception/moveit_occupancy_map_server)
Linked: (/home/ruinianxu/ws_moveit/devel/.private/moveit_ros_perception/lib/pkgconfig/moveit_ros_perception.pc, /home/ruinianxu/ws_moveit/devel/lib/pkgconfig/moveit_ros_perception.pc)
