[  2%] Built target moveit_version
[  5%] Built target moveit_exceptions
[  8%] Built target moveit_profiler
[ 11%] Built target moveit_background_processing
[ 11%] Built target sensor_msgs_generate_messages_cpp
[ 11%] Built target octomap_msgs_generate_messages_py
[ 11%] Built target octomap_msgs_generate_messages_lisp
[ 11%] Built target object_recognition_msgs_generate_messages_nodejs
[ 11%] Built target object_recognition_msgs_generate_messages_eus
[ 11%] Built target octomap_msgs_generate_messages_eus
[ 11%] Built target object_recognition_msgs_generate_messages_cpp
[ 11%] Built target trajectory_msgs_generate_messages_py
[ 11%] Built target trajectory_msgs_generate_messages_nodejs
[ 11%] Built target trajectory_msgs_generate_messages_lisp
[ 11%] Built target trajectory_msgs_generate_messages_eus
[ 11%] Built target sensor_msgs_generate_messages_py
[ 11%] Built target sensor_msgs_generate_messages_nodejs
[ 11%] Built target geometry_msgs_generate_messages_nodejs
[ 11%] Built target shape_msgs_generate_messages_py
[ 11%] Built target visualization_msgs_generate_messages_py
[ 11%] Built target std_msgs_generate_messages_eus
[ 11%] Built target shape_msgs_generate_messages_nodejs
[ 11%] Built target octomap_msgs_generate_messages_cpp
[ 11%] Built target roscpp_generate_messages_lisp
[ 11%] Built target actionlib_msgs_generate_messages_eus
[ 11%] Built target visualization_msgs_generate_messages_eus
[ 11%] Built target std_msgs_generate_messages_lisp
[ 11%] Built target geometry_msgs_generate_messages_lisp
[ 11%] Built target actionlib_msgs_generate_messages_lisp
[ 11%] Built target object_recognition_msgs_generate_messages_py
[ 11%] Built target sensor_msgs_generate_messages_lisp
[ 11%] Built target shape_msgs_generate_messages_cpp
[ 11%] Built target roscpp_generate_messages_nodejs
[ 11%] Built target rosgraph_msgs_generate_messages_lisp
[ 11%] Built target rosgraph_msgs_generate_messages_nodejs
[ 11%] Built target std_msgs_generate_messages_py
[ 11%] Built target moveit_msgs_generate_messages_cpp
[ 11%] Built target moveit_msgs_generate_messages_lisp
[ 11%] Built target geometry_msgs_generate_messages_eus
[ 11%] Built target roscpp_generate_messages_cpp
[ 11%] Built target moveit_msgs_generate_messages_nodejs
[ 11%] Built target shape_msgs_generate_messages_lisp
[ 11%] Built target actionlib_msgs_generate_messages_py
[ 11%] Built target sensor_msgs_generate_messages_eus
[ 11%] Built target std_msgs_generate_messages_cpp
[ 11%] Built target actionlib_msgs_generate_messages_cpp
[ 11%] Built target rosgraph_msgs_generate_messages_cpp
[ 11%] Built target octomap_msgs_generate_messages_nodejs
[ 11%] Built target object_recognition_msgs_generate_messages_lisp
[ 11%] Built target trajectory_msgs_generate_messages_cpp
[ 11%] Built target shape_msgs_generate_messages_eus
[ 11%] Built target geometry_msgs_generate_messages_cpp
[ 11%] Built target visualization_msgs_generate_messages_cpp
[ 11%] Built target geometry_msgs_generate_messages_py
[ 11%] Built target std_msgs_generate_messages_nodejs
[ 11%] Built target visualization_msgs_generate_messages_lisp
[ 11%] Built target roscpp_generate_messages_eus
[ 11%] Built target visualization_msgs_generate_messages_nodejs
[ 11%] Built target roscpp_generate_messages_py
[ 11%] Built target rosgraph_msgs_generate_messages_eus
[ 11%] Built target rosgraph_msgs_generate_messages_py
[ 11%] Built target moveit_msgs_generate_messages_eus
[ 11%] Built target moveit_msgs_generate_messages_py
[ 11%] Built target actionlib_msgs_generate_messages_nodejs
[ 14%] Built target moveit_kinematics_base
[ 17%] Built target moveit_transforms
[ 23%] Built target moveit_distance_field
[ 37%] Built target moveit_robot_model
[ 43%] Built target moveit_robot_state
[ 46%] Built target moveit_robot_trajectory
[ 49%] Built target moveit_kinematics_metrics
[ 63%] Built target moveit_collision_detection
[ 66%] Built target moveit_dynamics_solver
[ 71%] Built target moveit_trajectory_processing
[ 75%] Built target moveit_planning_interface
[ 81%] Built target moveit_collision_detection_fcl
[ 85%] Built target moveit_kinematic_constraints
[ 88%] Built target moveit_planning_scene
[ 91%] Built target moveit_planning_request_adapter
[100%] Built target moveit_constraint_samplers
