Symlinking /home/ruinianxu/ws_moveit/devel/share/moveit_ros_visualization/cmake/moveit_ros_visualizationConfig-version.cmake
Symlinking /home/ruinianxu/ws_moveit/devel/share/moveit_ros_visualization/cmake/moveit_ros_visualizationConfig.cmake
Symlinking /home/ruinianxu/ws_moveit/devel/lib/libmoveit_motion_planning_rviz_plugin.so.0.9.7
Symlinking /home/ruinianxu/ws_moveit/devel/lib/libmoveit_motion_planning_rviz_plugin_core.so
Symlinking /home/ruinianxu/ws_moveit/devel/lib/libmoveit_robot_state_rviz_plugin.so.0.9.7
Symlinking /home/ruinianxu/ws_moveit/devel/lib/libmoveit_motion_planning_rviz_plugin_core.so.0.9.7
Symlinking /home/ruinianxu/ws_moveit/devel/lib/libmoveit_rviz_plugin_render_tools.so.0.9.7
Symlinking /home/ruinianxu/ws_moveit/devel/lib/libmoveit_robot_state_rviz_plugin_core.so
Symlinking /home/ruinianxu/ws_moveit/devel/lib/libmoveit_trajectory_rviz_plugin_core.so
Symlinking /home/ruinianxu/ws_moveit/devel/lib/libmoveit_planning_scene_rviz_plugin_core.so.0.9.7
Symlinking /home/ruinianxu/ws_moveit/devel/lib/libmoveit_planning_scene_rviz_plugin.so
Symlinking /home/ruinianxu/ws_moveit/devel/lib/libmoveit_robot_state_rviz_plugin.so
Symlinking /home/ruinianxu/ws_moveit/devel/lib/libmoveit_planning_scene_rviz_plugin_core.so
Symlinking /home/ruinianxu/ws_moveit/devel/lib/libmoveit_rviz_plugin_render_tools.so
Symlinking /home/ruinianxu/ws_moveit/devel/lib/libmoveit_robot_state_rviz_plugin_core.so.0.9.7
Symlinking /home/ruinianxu/ws_moveit/devel/lib/libmoveit_trajectory_rviz_plugin.so
Symlinking /home/ruinianxu/ws_moveit/devel/lib/libmoveit_planning_scene_rviz_plugin.so.0.9.7
Symlinking /home/ruinianxu/ws_moveit/devel/lib/libmoveit_trajectory_rviz_plugin.so.0.9.7
Symlinking /home/ruinianxu/ws_moveit/devel/lib/libmoveit_motion_planning_rviz_plugin.so
Symlinking /home/ruinianxu/ws_moveit/devel/lib/libmoveit_trajectory_rviz_plugin_core.so.0.9.7
Symlinking /home/ruinianxu/ws_moveit/devel/lib/python2.7/dist-packages/moveit_ros_visualization/__init__.py
Symlinking /home/ruinianxu/ws_moveit/devel/lib/pkgconfig/moveit_ros_visualization.pc
