Determining if the pthread_create exist failed with the following output:
Change Dir: /home/ruinianxu/ws_moveit/build/moveit_resources/CMakeFiles/CMakeTmp

Run Build Command:"/usr/bin/make" "cmTC_3a524/fast"
/usr/bin/make -f CMakeFiles/cmTC_3a524.dir/build.make CMakeFiles/cmTC_3a524.dir/build
make[1]: Entering directory '/home/ruinianxu/ws_moveit/build/moveit_resources/CMakeFiles/CMakeTmp'
Building C object CMakeFiles/cmTC_3a524.dir/CheckSymbolExists.c.o
/usr/bin/cc     -o CMakeFiles/cmTC_3a524.dir/CheckSymbolExists.c.o   -c /home/ruinianxu/ws_moveit/build/moveit_resources/CMakeFiles/CMakeTmp/CheckSymbolExists.c
Linking C executable cmTC_3a524
/usr/bin/cmake -E cmake_link_script CMakeFiles/cmTC_3a524.dir/link.txt --verbose=1
/usr/bin/cc       CMakeFiles/cmTC_3a524.dir/CheckSymbolExists.c.o  -o cmTC_3a524 -rdynamic 
CMakeFiles/cmTC_3a524.dir/CheckSymbolExists.c.o: In function `main':
CheckSymbolExists.c:(.text+0x16): undefined reference to `pthread_create'
collect2: error: ld returned 1 exit status
CMakeFiles/cmTC_3a524.dir/build.make:97: recipe for target 'cmTC_3a524' failed
make[1]: *** [cmTC_3a524] Error 1
make[1]: Leaving directory '/home/ruinianxu/ws_moveit/build/moveit_resources/CMakeFiles/CMakeTmp'
Makefile:126: recipe for target 'cmTC_3a524/fast' failed
make: *** [cmTC_3a524/fast] Error 2

File /home/ruinianxu/ws_moveit/build/moveit_resources/CMakeFiles/CMakeTmp/CheckSymbolExists.c:
/* */
#include <pthread.h>

int main(int argc, char** argv)
{
  (void)argv;
#ifndef pthread_create
  return ((int*)(&pthread_create))[argc];
#else
  (void)argc;
  return 0;
#endif
}

Determining if the function pthread_create exists in the pthreads failed with the following output:
Change Dir: /home/ruinianxu/ws_moveit/build/moveit_resources/CMakeFiles/CMakeTmp

Run Build Command:"/usr/bin/make" "cmTC_025fe/fast"
/usr/bin/make -f CMakeFiles/cmTC_025fe.dir/build.make CMakeFiles/cmTC_025fe.dir/build
make[1]: Entering directory '/home/ruinianxu/ws_moveit/build/moveit_resources/CMakeFiles/CMakeTmp'
Building C object CMakeFiles/cmTC_025fe.dir/CheckFunctionExists.c.o
/usr/bin/cc    -DCHECK_FUNCTION_EXISTS=pthread_create   -o CMakeFiles/cmTC_025fe.dir/CheckFunctionExists.c.o   -c /usr/share/cmake-3.5/Modules/CheckFunctionExists.c
Linking C executable cmTC_025fe
/usr/bin/cmake -E cmake_link_script CMakeFiles/cmTC_025fe.dir/link.txt --verbose=1
/usr/bin/cc   -DCHECK_FUNCTION_EXISTS=pthread_create    CMakeFiles/cmTC_025fe.dir/CheckFunctionExists.c.o  -o cmTC_025fe -rdynamic -lpthreads 
/usr/bin/ld: cannot find -lpthreads
collect2: error: ld returned 1 exit status
CMakeFiles/cmTC_025fe.dir/build.make:97: recipe for target 'cmTC_025fe' failed
make[1]: *** [cmTC_025fe] Error 1
make[1]: Leaving directory '/home/ruinianxu/ws_moveit/build/moveit_resources/CMakeFiles/CMakeTmp'
Makefile:126: recipe for target 'cmTC_025fe/fast' failed
make: *** [cmTC_025fe/fast] Error 2


