Symlinking /home/ruinianxu/ws_moveit/devel/share/pr2_msgs/cmake/pr2_msgs-msg-extras.cmake
Symlinking /home/ruinianxu/ws_moveit/devel/share/pr2_msgs/cmake/pr2_msgsConfig.cmake
Symlinking /home/ruinianxu/ws_moveit/devel/share/pr2_msgs/cmake/pr2_msgsConfig-version.cmake
Symlinking /home/ruinianxu/ws_moveit/devel/share/pr2_msgs/cmake/pr2_msgs-msg-paths.cmake
Symlinking /home/ruinianxu/ws_moveit/devel/share/gennodejs/ros/pr2_msgs/_index.js
Symlinking /home/ruinianxu/ws_moveit/devel/share/gennodejs/ros/pr2_msgs/srv/SetPeriodicCmd.js
Symlinking /home/ruinianxu/ws_moveit/devel/share/gennodejs/ros/pr2_msgs/srv/_index.js
Symlinking /home/ruinianxu/ws_moveit/devel/share/gennodejs/ros/pr2_msgs/srv/SetLaserTrajCmd.js
Symlinking /home/ruinianxu/ws_moveit/devel/share/gennodejs/ros/pr2_msgs/msg/BatteryServer.js
Symlinking /home/ruinianxu/ws_moveit/devel/share/gennodejs/ros/pr2_msgs/msg/AccelerometerState.js
Symlinking /home/ruinianxu/ws_moveit/devel/share/gennodejs/ros/pr2_msgs/msg/PowerState.js
Symlinking /home/ruinianxu/ws_moveit/devel/share/gennodejs/ros/pr2_msgs/msg/GPUStatus.js
Symlinking /home/ruinianxu/ws_moveit/devel/share/gennodejs/ros/pr2_msgs/msg/LaserScannerSignal.js
Symlinking /home/ruinianxu/ws_moveit/devel/share/gennodejs/ros/pr2_msgs/msg/PressureState.js
Symlinking /home/ruinianxu/ws_moveit/devel/share/gennodejs/ros/pr2_msgs/msg/DashboardState.js
Symlinking /home/ruinianxu/ws_moveit/devel/share/gennodejs/ros/pr2_msgs/msg/BatteryServer2.js
Symlinking /home/ruinianxu/ws_moveit/devel/share/gennodejs/ros/pr2_msgs/msg/BatteryState.js
Symlinking /home/ruinianxu/ws_moveit/devel/share/gennodejs/ros/pr2_msgs/msg/PeriodicCmd.js
Symlinking /home/ruinianxu/ws_moveit/devel/share/gennodejs/ros/pr2_msgs/msg/_index.js
Symlinking /home/ruinianxu/ws_moveit/devel/share/gennodejs/ros/pr2_msgs/msg/AccessPoint.js
Symlinking /home/ruinianxu/ws_moveit/devel/share/gennodejs/ros/pr2_msgs/msg/LaserTrajCmd.js
Symlinking /home/ruinianxu/ws_moveit/devel/share/gennodejs/ros/pr2_msgs/msg/PowerBoardState.js
Symlinking /home/ruinianxu/ws_moveit/devel/share/gennodejs/ros/pr2_msgs/msg/BatteryState2.js
Symlinking /home/ruinianxu/ws_moveit/devel/share/common-lisp/ros/pr2_msgs/srv/_package_SetPeriodicCmd.lisp
Symlinking /home/ruinianxu/ws_moveit/devel/share/common-lisp/ros/pr2_msgs/srv/pr2_msgs-srv.asd
Symlinking /home/ruinianxu/ws_moveit/devel/share/common-lisp/ros/pr2_msgs/srv/_package.lisp
Symlinking /home/ruinianxu/ws_moveit/devel/share/common-lisp/ros/pr2_msgs/srv/SetPeriodicCmd.lisp
Symlinking /home/ruinianxu/ws_moveit/devel/share/common-lisp/ros/pr2_msgs/srv/SetLaserTrajCmd.lisp
Symlinking /home/ruinianxu/ws_moveit/devel/share/common-lisp/ros/pr2_msgs/srv/_package_SetLaserTrajCmd.lisp
Symlinking /home/ruinianxu/ws_moveit/devel/share/common-lisp/ros/pr2_msgs/msg/_package_BatteryState.lisp
Symlinking /home/ruinianxu/ws_moveit/devel/share/common-lisp/ros/pr2_msgs/msg/_package_BatteryState2.lisp
Symlinking /home/ruinianxu/ws_moveit/devel/share/common-lisp/ros/pr2_msgs/msg/_package_BatteryServer2.lisp
Symlinking /home/ruinianxu/ws_moveit/devel/share/common-lisp/ros/pr2_msgs/msg/PressureState.lisp
Symlinking /home/ruinianxu/ws_moveit/devel/share/common-lisp/ros/pr2_msgs/msg/_package_PowerState.lisp
Symlinking /home/ruinianxu/ws_moveit/devel/share/common-lisp/ros/pr2_msgs/msg/_package.lisp
Symlinking /home/ruinianxu/ws_moveit/devel/share/common-lisp/ros/pr2_msgs/msg/AccessPoint.lisp
Symlinking /home/ruinianxu/ws_moveit/devel/share/common-lisp/ros/pr2_msgs/msg/_package_LaserTrajCmd.lisp
Symlinking /home/ruinianxu/ws_moveit/devel/share/common-lisp/ros/pr2_msgs/msg/_package_LaserScannerSignal.lisp
Symlinking /home/ruinianxu/ws_moveit/devel/share/common-lisp/ros/pr2_msgs/msg/AccelerometerState.lisp
Symlinking /home/ruinianxu/ws_moveit/devel/share/common-lisp/ros/pr2_msgs/msg/pr2_msgs-msg.asd
Symlinking /home/ruinianxu/ws_moveit/devel/share/common-lisp/ros/pr2_msgs/msg/_package_BatteryServer.lisp
Symlinking /home/ruinianxu/ws_moveit/devel/share/common-lisp/ros/pr2_msgs/msg/PowerState.lisp
Symlinking /home/ruinianxu/ws_moveit/devel/share/common-lisp/ros/pr2_msgs/msg/_package_PowerBoardState.lisp
Symlinking /home/ruinianxu/ws_moveit/devel/share/common-lisp/ros/pr2_msgs/msg/PeriodicCmd.lisp
Symlinking /home/ruinianxu/ws_moveit/devel/share/common-lisp/ros/pr2_msgs/msg/LaserScannerSignal.lisp
Symlinking /home/ruinianxu/ws_moveit/devel/share/common-lisp/ros/pr2_msgs/msg/DashboardState.lisp
Symlinking /home/ruinianxu/ws_moveit/devel/share/common-lisp/ros/pr2_msgs/msg/_package_PeriodicCmd.lisp
Symlinking /home/ruinianxu/ws_moveit/devel/share/common-lisp/ros/pr2_msgs/msg/LaserTrajCmd.lisp
Symlinking /home/ruinianxu/ws_moveit/devel/share/common-lisp/ros/pr2_msgs/msg/_package_AccelerometerState.lisp
Symlinking /home/ruinianxu/ws_moveit/devel/share/common-lisp/ros/pr2_msgs/msg/BatteryServer.lisp
Symlinking /home/ruinianxu/ws_moveit/devel/share/common-lisp/ros/pr2_msgs/msg/BatteryState2.lisp
Symlinking /home/ruinianxu/ws_moveit/devel/share/common-lisp/ros/pr2_msgs/msg/_package_PressureState.lisp
Symlinking /home/ruinianxu/ws_moveit/devel/share/common-lisp/ros/pr2_msgs/msg/GPUStatus.lisp
Symlinking /home/ruinianxu/ws_moveit/devel/share/common-lisp/ros/pr2_msgs/msg/BatteryState.lisp
Symlinking /home/ruinianxu/ws_moveit/devel/share/common-lisp/ros/pr2_msgs/msg/_package_AccessPoint.lisp
Symlinking /home/ruinianxu/ws_moveit/devel/share/common-lisp/ros/pr2_msgs/msg/_package_GPUStatus.lisp
Symlinking /home/ruinianxu/ws_moveit/devel/share/common-lisp/ros/pr2_msgs/msg/_package_DashboardState.lisp
Symlinking /home/ruinianxu/ws_moveit/devel/share/common-lisp/ros/pr2_msgs/msg/BatteryServer2.lisp
Symlinking /home/ruinianxu/ws_moveit/devel/share/common-lisp/ros/pr2_msgs/msg/PowerBoardState.lisp
Symlinking /home/ruinianxu/ws_moveit/devel/share/roseus/ros/pr2_msgs/manifest.l
Symlinking /home/ruinianxu/ws_moveit/devel/share/roseus/ros/pr2_msgs/srv/SetLaserTrajCmd.l
Symlinking /home/ruinianxu/ws_moveit/devel/share/roseus/ros/pr2_msgs/srv/SetPeriodicCmd.l
Symlinking /home/ruinianxu/ws_moveit/devel/share/roseus/ros/pr2_msgs/msg/PowerState.l
Symlinking /home/ruinianxu/ws_moveit/devel/share/roseus/ros/pr2_msgs/msg/BatteryState2.l
Symlinking /home/ruinianxu/ws_moveit/devel/share/roseus/ros/pr2_msgs/msg/BatteryServer.l
Symlinking /home/ruinianxu/ws_moveit/devel/share/roseus/ros/pr2_msgs/msg/LaserTrajCmd.l
Symlinking /home/ruinianxu/ws_moveit/devel/share/roseus/ros/pr2_msgs/msg/PressureState.l
Symlinking /home/ruinianxu/ws_moveit/devel/share/roseus/ros/pr2_msgs/msg/DashboardState.l
Symlinking /home/ruinianxu/ws_moveit/devel/share/roseus/ros/pr2_msgs/msg/LaserScannerSignal.l
Symlinking /home/ruinianxu/ws_moveit/devel/share/roseus/ros/pr2_msgs/msg/PowerBoardState.l
Symlinking /home/ruinianxu/ws_moveit/devel/share/roseus/ros/pr2_msgs/msg/BatteryState.l
Symlinking /home/ruinianxu/ws_moveit/devel/share/roseus/ros/pr2_msgs/msg/GPUStatus.l
Symlinking /home/ruinianxu/ws_moveit/devel/share/roseus/ros/pr2_msgs/msg/AccelerometerState.l
Symlinking /home/ruinianxu/ws_moveit/devel/share/roseus/ros/pr2_msgs/msg/AccessPoint.l
Symlinking /home/ruinianxu/ws_moveit/devel/share/roseus/ros/pr2_msgs/msg/BatteryServer2.l
Symlinking /home/ruinianxu/ws_moveit/devel/share/roseus/ros/pr2_msgs/msg/PeriodicCmd.l
Symlinking /home/ruinianxu/ws_moveit/devel/include/pr2_msgs/SetLaserTrajCmdResponse.h
Symlinking /home/ruinianxu/ws_moveit/devel/include/pr2_msgs/SetLaserTrajCmdRequest.h
Symlinking /home/ruinianxu/ws_moveit/devel/include/pr2_msgs/LaserTrajCmd.h
Symlinking /home/ruinianxu/ws_moveit/devel/include/pr2_msgs/BatteryServer2.h
Symlinking /home/ruinianxu/ws_moveit/devel/include/pr2_msgs/PowerState.h
Symlinking /home/ruinianxu/ws_moveit/devel/include/pr2_msgs/LaserScannerSignal.h
Symlinking /home/ruinianxu/ws_moveit/devel/include/pr2_msgs/SetPeriodicCmd.h
Symlinking /home/ruinianxu/ws_moveit/devel/include/pr2_msgs/BatteryState.h
Symlinking /home/ruinianxu/ws_moveit/devel/include/pr2_msgs/SetPeriodicCmdResponse.h
Symlinking /home/ruinianxu/ws_moveit/devel/include/pr2_msgs/SetPeriodicCmdRequest.h
Symlinking /home/ruinianxu/ws_moveit/devel/include/pr2_msgs/DashboardState.h
Symlinking /home/ruinianxu/ws_moveit/devel/include/pr2_msgs/AccessPoint.h
Symlinking /home/ruinianxu/ws_moveit/devel/include/pr2_msgs/PowerBoardState.h
Symlinking /home/ruinianxu/ws_moveit/devel/include/pr2_msgs/AccelerometerState.h
Symlinking /home/ruinianxu/ws_moveit/devel/include/pr2_msgs/SetLaserTrajCmd.h
Symlinking /home/ruinianxu/ws_moveit/devel/include/pr2_msgs/BatteryState2.h
Symlinking /home/ruinianxu/ws_moveit/devel/include/pr2_msgs/PressureState.h
Symlinking /home/ruinianxu/ws_moveit/devel/include/pr2_msgs/BatteryServer.h
Symlinking /home/ruinianxu/ws_moveit/devel/include/pr2_msgs/PeriodicCmd.h
Symlinking /home/ruinianxu/ws_moveit/devel/include/pr2_msgs/GPUStatus.h
Symlinking /home/ruinianxu/ws_moveit/devel/lib/python2.7/dist-packages/pr2_msgs/__init__.py
Symlinking /home/ruinianxu/ws_moveit/devel/lib/python2.7/dist-packages/pr2_msgs/srv/_SetPeriodicCmd.py
Symlinking /home/ruinianxu/ws_moveit/devel/lib/python2.7/dist-packages/pr2_msgs/srv/__init__.py
Symlinking /home/ruinianxu/ws_moveit/devel/lib/python2.7/dist-packages/pr2_msgs/srv/_SetLaserTrajCmd.py
Symlinking /home/ruinianxu/ws_moveit/devel/lib/python2.7/dist-packages/pr2_msgs/msg/_BatteryState2.py
Symlinking /home/ruinianxu/ws_moveit/devel/lib/python2.7/dist-packages/pr2_msgs/msg/_BatteryServer.py
Symlinking /home/ruinianxu/ws_moveit/devel/lib/python2.7/dist-packages/pr2_msgs/msg/_PeriodicCmd.py
Symlinking /home/ruinianxu/ws_moveit/devel/lib/python2.7/dist-packages/pr2_msgs/msg/_AccessPoint.py
Symlinking /home/ruinianxu/ws_moveit/devel/lib/python2.7/dist-packages/pr2_msgs/msg/_LaserScannerSignal.py
Symlinking /home/ruinianxu/ws_moveit/devel/lib/python2.7/dist-packages/pr2_msgs/msg/_PowerState.py
Symlinking /home/ruinianxu/ws_moveit/devel/lib/python2.7/dist-packages/pr2_msgs/msg/_AccelerometerState.py
Symlinking /home/ruinianxu/ws_moveit/devel/lib/python2.7/dist-packages/pr2_msgs/msg/_BatteryServer2.py
Symlinking /home/ruinianxu/ws_moveit/devel/lib/python2.7/dist-packages/pr2_msgs/msg/_PressureState.py
Symlinking /home/ruinianxu/ws_moveit/devel/lib/python2.7/dist-packages/pr2_msgs/msg/_DashboardState.py
Symlinking /home/ruinianxu/ws_moveit/devel/lib/python2.7/dist-packages/pr2_msgs/msg/_LaserTrajCmd.py
Symlinking /home/ruinianxu/ws_moveit/devel/lib/python2.7/dist-packages/pr2_msgs/msg/_BatteryState.py
Symlinking /home/ruinianxu/ws_moveit/devel/lib/python2.7/dist-packages/pr2_msgs/msg/__init__.py
Symlinking /home/ruinianxu/ws_moveit/devel/lib/python2.7/dist-packages/pr2_msgs/msg/_PowerBoardState.py
Symlinking /home/ruinianxu/ws_moveit/devel/lib/python2.7/dist-packages/pr2_msgs/msg/_GPUStatus.py
Symlinking /home/ruinianxu/ws_moveit/devel/lib/pkgconfig/pr2_msgs.pc
