Determining if the pthread_create exist failed with the following output:
Change Dir: /home/ruinianxu/ws_moveit/build/moveit_ros_manipulation/CMakeFiles/CMakeTmp

Run Build Command:"/usr/bin/make" "cmTC_2793f/fast"
/usr/bin/make -f CMakeFiles/cmTC_2793f.dir/build.make CMakeFiles/cmTC_2793f.dir/build
make[1]: Entering directory '/home/ruinianxu/ws_moveit/build/moveit_ros_manipulation/CMakeFiles/CMakeTmp'
Building C object CMakeFiles/cmTC_2793f.dir/CheckSymbolExists.c.o
/usr/bin/cc     -o CMakeFiles/cmTC_2793f.dir/CheckSymbolExists.c.o   -c /home/ruinianxu/ws_moveit/build/moveit_ros_manipulation/CMakeFiles/CMakeTmp/CheckSymbolExists.c
Linking C executable cmTC_2793f
/usr/bin/cmake -E cmake_link_script CMakeFiles/cmTC_2793f.dir/link.txt --verbose=1
/usr/bin/cc       CMakeFiles/cmTC_2793f.dir/CheckSymbolExists.c.o  -o cmTC_2793f -rdynamic 
CMakeFiles/cmTC_2793f.dir/CheckSymbolExists.c.o: In function `main':
CheckSymbolExists.c:(.text+0x16): undefined reference to `pthread_create'
collect2: error: ld returned 1 exit status
CMakeFiles/cmTC_2793f.dir/build.make:97: recipe for target 'cmTC_2793f' failed
make[1]: *** [cmTC_2793f] Error 1
make[1]: Leaving directory '/home/ruinianxu/ws_moveit/build/moveit_ros_manipulation/CMakeFiles/CMakeTmp'
Makefile:126: recipe for target 'cmTC_2793f/fast' failed
make: *** [cmTC_2793f/fast] Error 2

File /home/ruinianxu/ws_moveit/build/moveit_ros_manipulation/CMakeFiles/CMakeTmp/CheckSymbolExists.c:
/* */
#include <pthread.h>

int main(int argc, char** argv)
{
  (void)argv;
#ifndef pthread_create
  return ((int*)(&pthread_create))[argc];
#else
  (void)argc;
  return 0;
#endif
}

Determining if the function pthread_create exists in the pthreads failed with the following output:
Change Dir: /home/ruinianxu/ws_moveit/build/moveit_ros_manipulation/CMakeFiles/CMakeTmp

Run Build Command:"/usr/bin/make" "cmTC_d89d5/fast"
/usr/bin/make -f CMakeFiles/cmTC_d89d5.dir/build.make CMakeFiles/cmTC_d89d5.dir/build
make[1]: Entering directory '/home/ruinianxu/ws_moveit/build/moveit_ros_manipulation/CMakeFiles/CMakeTmp'
Building C object CMakeFiles/cmTC_d89d5.dir/CheckFunctionExists.c.o
/usr/bin/cc    -DCHECK_FUNCTION_EXISTS=pthread_create   -o CMakeFiles/cmTC_d89d5.dir/CheckFunctionExists.c.o   -c /usr/share/cmake-3.5/Modules/CheckFunctionExists.c
Linking C executable cmTC_d89d5
/usr/bin/cmake -E cmake_link_script CMakeFiles/cmTC_d89d5.dir/link.txt --verbose=1
/usr/bin/cc   -DCHECK_FUNCTION_EXISTS=pthread_create    CMakeFiles/cmTC_d89d5.dir/CheckFunctionExists.c.o  -o cmTC_d89d5 -rdynamic -lpthreads 
/usr/bin/ld: cannot find -lpthreads
collect2: error: ld returned 1 exit status
CMakeFiles/cmTC_d89d5.dir/build.make:97: recipe for target 'cmTC_d89d5' failed
make[1]: *** [cmTC_d89d5] Error 1
make[1]: Leaving directory '/home/ruinianxu/ws_moveit/build/moveit_ros_manipulation/CMakeFiles/CMakeTmp'
Makefile:126: recipe for target 'cmTC_d89d5/fast' failed
make: *** [cmTC_d89d5/fast] Error 2


