Determining if the pthread_create exist failed with the following output:
Change Dir: /home/ruinianxu/ws_moveit/build/pr2_controllers_msgs/CMakeFiles/CMakeTmp

Run Build Command:"/usr/bin/make" "cmTC_aee13/fast"
/usr/bin/make -f CMakeFiles/cmTC_aee13.dir/build.make CMakeFiles/cmTC_aee13.dir/build
make[1]: Entering directory '/home/ruinianxu/ws_moveit/build/pr2_controllers_msgs/CMakeFiles/CMakeTmp'
Building C object CMakeFiles/cmTC_aee13.dir/CheckSymbolExists.c.o
/usr/bin/cc     -o CMakeFiles/cmTC_aee13.dir/CheckSymbolExists.c.o   -c /home/ruinianxu/ws_moveit/build/pr2_controllers_msgs/CMakeFiles/CMakeTmp/CheckSymbolExists.c
Linking C executable cmTC_aee13
/usr/bin/cmake -E cmake_link_script CMakeFiles/cmTC_aee13.dir/link.txt --verbose=1
/usr/bin/cc       CMakeFiles/cmTC_aee13.dir/CheckSymbolExists.c.o  -o cmTC_aee13 -rdynamic 
CMakeFiles/cmTC_aee13.dir/CheckSymbolExists.c.o: In function `main':
CheckSymbolExists.c:(.text+0x16): undefined reference to `pthread_create'
collect2: error: ld returned 1 exit status
CMakeFiles/cmTC_aee13.dir/build.make:97: recipe for target 'cmTC_aee13' failed
make[1]: *** [cmTC_aee13] Error 1
make[1]: Leaving directory '/home/ruinianxu/ws_moveit/build/pr2_controllers_msgs/CMakeFiles/CMakeTmp'
Makefile:126: recipe for target 'cmTC_aee13/fast' failed
make: *** [cmTC_aee13/fast] Error 2

File /home/ruinianxu/ws_moveit/build/pr2_controllers_msgs/CMakeFiles/CMakeTmp/CheckSymbolExists.c:
/* */
#include <pthread.h>

int main(int argc, char** argv)
{
  (void)argv;
#ifndef pthread_create
  return ((int*)(&pthread_create))[argc];
#else
  (void)argc;
  return 0;
#endif
}

Determining if the function pthread_create exists in the pthreads failed with the following output:
Change Dir: /home/ruinianxu/ws_moveit/build/pr2_controllers_msgs/CMakeFiles/CMakeTmp

Run Build Command:"/usr/bin/make" "cmTC_d6c56/fast"
/usr/bin/make -f CMakeFiles/cmTC_d6c56.dir/build.make CMakeFiles/cmTC_d6c56.dir/build
make[1]: Entering directory '/home/ruinianxu/ws_moveit/build/pr2_controllers_msgs/CMakeFiles/CMakeTmp'
Building C object CMakeFiles/cmTC_d6c56.dir/CheckFunctionExists.c.o
/usr/bin/cc    -DCHECK_FUNCTION_EXISTS=pthread_create   -o CMakeFiles/cmTC_d6c56.dir/CheckFunctionExists.c.o   -c /usr/share/cmake-3.5/Modules/CheckFunctionExists.c
Linking C executable cmTC_d6c56
/usr/bin/cmake -E cmake_link_script CMakeFiles/cmTC_d6c56.dir/link.txt --verbose=1
/usr/bin/cc   -DCHECK_FUNCTION_EXISTS=pthread_create    CMakeFiles/cmTC_d6c56.dir/CheckFunctionExists.c.o  -o cmTC_d6c56 -rdynamic -lpthreads 
/usr/bin/ld: cannot find -lpthreads
collect2: error: ld returned 1 exit status
CMakeFiles/cmTC_d6c56.dir/build.make:97: recipe for target 'cmTC_d6c56' failed
make[1]: *** [cmTC_d6c56] Error 1
make[1]: Leaving directory '/home/ruinianxu/ws_moveit/build/pr2_controllers_msgs/CMakeFiles/CMakeTmp'
Makefile:126: recipe for target 'cmTC_d6c56/fast' failed
make: *** [cmTC_d6c56/fast] Error 2


